<?xml version="1.0" encoding="UTF-8"?>
<!-- Generated by org.testng.reporters.JUnitXMLReporter -->
<testsuite hostname="DESKTOP-DOLVE1I" ignored="0" name="Regression Testing" tests="5" failures="0" timestamp="07 Feb 2019 15:09:41 GMT" time="6.177" errors="0">
  <testcase name="initialization" time="0.01" classname="com.Prod.dtx_project.DIF1v2"/>
  <testcase name="OpenBrowserChrome" time="6.134" classname="com.Prod.dtx_project.DIF1v2"/>
  <testcase name="Issue" time="0.0" classname="com.Prod.dtx_project.DIF1v2"/>
  <testcase name="LandingPage" time="0.001" classname="com.Prod.dtx_project.DIF1v2"/>
  <testcase name="publ" time="0.001" classname="com.Prod.dtx_project.DIF1v2"/>
</testsuite> <!-- Regression Testing -->
