<?xml version="1.0" encoding="UTF-8"?>
<!-- Generated by org.testng.reporters.JUnitXMLReporter -->
<testsuite hostname="DESKTOP-DOLVE1I" ignored="0" name="Default test" tests="3" failures="0" timestamp="11 Feb 2019 16:01:22 GMT" time="12.1" errors="0">
  <testcase name="TC001NavigateToTRANSCOM" time="1.146" classname="com.Prod.dtx_project.DIF1v2"/>
  <testcase name="TC002logintoProfile" time="5.087" classname="com.Prod.dtx_project.DIF1v2"/>
  <testcase name="searchLeftNav" time="1.24" classname="com.Prod.dtx_project.DIF1v2"/>
</testsuite> <!-- Default test -->
