<?xml version="1.0" encoding="UTF-8"?>
<!-- Generated by org.testng.reporters.JUnitXMLReporter -->
<testsuite hostname="DESKTOP-DOLVE1I" ignored="0" name="Default test" tests="10" failures="0" timestamp="12 Feb 2019 20:14:43 GMT" time="15.924" errors="0">
  <testcase name="TC001NavigateToTRANSCOM" time="0.49" classname="com.Prod.dtx_project.A_MainLandingPg"/>
  <testcase name="TRANSCOMReportAnEvent" time="0.001" classname="com.Prod.dtx_project.B_DIF1v2"/>
  <testcase name="TC002logintoProfile" time="5.081" classname="com.Prod.dtx_project.C_ProfileLogins"/>
  <testcase name="profileLandedpg" time="0.155" classname="com.Prod.dtx_project.C_ProfileLogins"/>
  <testcase name="searchLeftNav" time="1.136" classname="com.Prod.dtx_project.D_SearchPg"/>
  <testcase name="SearchByPSRnumber" time="1.688" classname="com.Prod.dtx_project.D_SearchPg"/>
  <testcase name="SearchByPSRnumberValidateResult" time="0.72" classname="com.Prod.dtx_project.D_SearchPg"/>
  <testcase name="SearchByDatixID" time="2.098" classname="com.Prod.dtx_project.D_SearchPg"/>
  <testcase name="eAwaitingReview1" time="0.001" classname="com.Prod.dtx_project.E_DIF2EventsAwaitingReview"/>
  <testcase name="eStillBeingReviewed2" time="0.0" classname="com.Prod.dtx_project.F_eStillBeingReviewed"/>
</testsuite> <!-- Default test -->
