<?xml version="1.0" encoding="UTF-8"?>
<testng-results skipped="0" failed="0" ignored="0" total="10" passed="10">
  <reporter-output>
  </reporter-output>
  <suite name="Default suite" duration-ms="15924" started-at="2019-02-12T20:14:27Z" finished-at="2019-02-12T20:14:43Z">
    <groups>
    </groups>
    <test name="Default test" duration-ms="15924" started-at="2019-02-12T20:14:27Z" finished-at="2019-02-12T20:14:43Z">
      <class name="com.Prod.dtx_project.F_eStillBeingReviewed">
        <test-method status="PASS" signature="MainSetup()[pri:0, instance:com.Prod.dtx_project.F_eStillBeingReviewed@55d56113]" name="MainSetup" is-config="true" duration-ms="3953" started-at="2019-02-12T20:14:27Z" finished-at="2019-02-12T20:14:31Z">
          <reporter-output>
          </reporter-output>
        </test-method> <!-- MainSetup -->
        <test-method status="PASS" signature="Print()[pri:0, instance:com.Prod.dtx_project.F_eStillBeingReviewed@55d56113]" name="Print" is-config="true" duration-ms="1" started-at="2019-02-12T20:14:31Z" finished-at="2019-02-12T20:14:31Z">
          <reporter-output>
          </reporter-output>
        </test-method> <!-- Print -->
        <test-method status="PASS" signature="TC001NavigateToTRANSCOM()[pri:1, instance:com.Prod.dtx_project.F_eStillBeingReviewed@55d56113]" name="TC001NavigateToTRANSCOM" duration-ms="490" started-at="2019-02-12T20:14:31Z" finished-at="2019-02-12T20:14:31Z">
          <reporter-output>
          </reporter-output>
        </test-method> <!-- TC001NavigateToTRANSCOM -->
        <test-method status="PASS" signature="Print()[pri:0, instance:com.Prod.dtx_project.F_eStillBeingReviewed@55d56113]" name="Print" is-config="true" duration-ms="0" started-at="2019-02-12T20:14:31Z" finished-at="2019-02-12T20:14:31Z">
          <reporter-output>
          </reporter-output>
        </test-method> <!-- Print -->
        <test-method status="PASS" signature="TRANSCOMReportAnEvent()[pri:2, instance:com.Prod.dtx_project.F_eStillBeingReviewed@55d56113]" name="TRANSCOMReportAnEvent" duration-ms="1" started-at="2019-02-12T20:14:31Z" finished-at="2019-02-12T20:14:31Z">
          <reporter-output>
          </reporter-output>
        </test-method> <!-- TRANSCOMReportAnEvent -->
        <test-method status="PASS" signature="TC002logintoProfile()[pri:3, instance:com.Prod.dtx_project.F_eStillBeingReviewed@55d56113]" name="TC002logintoProfile" duration-ms="5081" started-at="2019-02-12T20:14:31Z" finished-at="2019-02-12T20:14:36Z">
          <reporter-output>
          </reporter-output>
        </test-method> <!-- TC002logintoProfile -->
        <test-method status="PASS" signature="Print()[pri:0, instance:com.Prod.dtx_project.F_eStillBeingReviewed@55d56113]" name="Print" is-config="true" duration-ms="0" started-at="2019-02-12T20:14:31Z" finished-at="2019-02-12T20:14:31Z">
          <reporter-output>
          </reporter-output>
        </test-method> <!-- Print -->
        <test-method status="PASS" signature="Print()[pri:0, instance:com.Prod.dtx_project.F_eStillBeingReviewed@55d56113]" name="Print" is-config="true" duration-ms="1" started-at="2019-02-12T20:14:36Z" finished-at="2019-02-12T20:14:36Z">
          <reporter-output>
          </reporter-output>
        </test-method> <!-- Print -->
        <test-method status="PASS" signature="profileLandedpg()[pri:4, instance:com.Prod.dtx_project.F_eStillBeingReviewed@55d56113]" name="profileLandedpg" duration-ms="155" started-at="2019-02-12T20:14:36Z" finished-at="2019-02-12T20:14:37Z">
          <reporter-output>
          </reporter-output>
        </test-method> <!-- profileLandedpg -->
        <test-method status="PASS" signature="Print()[pri:0, instance:com.Prod.dtx_project.F_eStillBeingReviewed@55d56113]" name="Print" is-config="true" duration-ms="0" started-at="2019-02-12T20:14:37Z" finished-at="2019-02-12T20:14:37Z">
          <reporter-output>
          </reporter-output>
        </test-method> <!-- Print -->
        <test-method status="PASS" signature="searchLeftNav()[pri:5, instance:com.Prod.dtx_project.F_eStillBeingReviewed@55d56113]" name="searchLeftNav" duration-ms="1136" started-at="2019-02-12T20:14:37Z" finished-at="2019-02-12T20:14:38Z">
          <reporter-output>
          </reporter-output>
        </test-method> <!-- searchLeftNav -->
        <test-method status="PASS" signature="Print()[pri:0, instance:com.Prod.dtx_project.F_eStillBeingReviewed@55d56113]" name="Print" is-config="true" duration-ms="1" started-at="2019-02-12T20:14:38Z" finished-at="2019-02-12T20:14:38Z">
          <reporter-output>
          </reporter-output>
        </test-method> <!-- Print -->
        <test-method status="PASS" signature="SearchByPSRnumber()[pri:6, instance:com.Prod.dtx_project.F_eStillBeingReviewed@55d56113]" name="SearchByPSRnumber" duration-ms="1688" started-at="2019-02-12T20:14:38Z" finished-at="2019-02-12T20:14:39Z">
          <reporter-output>
          </reporter-output>
        </test-method> <!-- SearchByPSRnumber -->
        <test-method status="PASS" signature="Print()[pri:0, instance:com.Prod.dtx_project.F_eStillBeingReviewed@55d56113]" name="Print" is-config="true" duration-ms="0" started-at="2019-02-12T20:14:39Z" finished-at="2019-02-12T20:14:39Z">
          <reporter-output>
          </reporter-output>
        </test-method> <!-- Print -->
        <test-method status="PASS" signature="SearchByPSRnumberValidateResult()[pri:7, instance:com.Prod.dtx_project.F_eStillBeingReviewed@55d56113]" name="SearchByPSRnumberValidateResult" duration-ms="720" started-at="2019-02-12T20:14:39Z" finished-at="2019-02-12T20:14:40Z">
          <reporter-output>
          </reporter-output>
        </test-method> <!-- SearchByPSRnumberValidateResult -->
        <test-method status="PASS" signature="Print()[pri:0, instance:com.Prod.dtx_project.F_eStillBeingReviewed@55d56113]" name="Print" is-config="true" duration-ms="0" started-at="2019-02-12T20:14:40Z" finished-at="2019-02-12T20:14:40Z">
          <reporter-output>
          </reporter-output>
        </test-method> <!-- Print -->
        <test-method status="PASS" signature="SearchByDatixID()[pri:8, instance:com.Prod.dtx_project.F_eStillBeingReviewed@55d56113]" name="SearchByDatixID" duration-ms="2098" started-at="2019-02-12T20:14:40Z" finished-at="2019-02-12T20:14:42Z">
          <reporter-output>
          </reporter-output>
        </test-method> <!-- SearchByDatixID -->
        <test-method status="PASS" signature="eAwaitingReview1()[pri:9, instance:com.Prod.dtx_project.F_eStillBeingReviewed@55d56113]" name="eAwaitingReview1" duration-ms="1" started-at="2019-02-12T20:14:42Z" finished-at="2019-02-12T20:14:42Z">
          <reporter-output>
          </reporter-output>
        </test-method> <!-- eAwaitingReview1 -->
        <test-method status="PASS" signature="Print()[pri:0, instance:com.Prod.dtx_project.F_eStillBeingReviewed@55d56113]" name="Print" is-config="true" duration-ms="0" started-at="2019-02-12T20:14:42Z" finished-at="2019-02-12T20:14:42Z">
          <reporter-output>
          </reporter-output>
        </test-method> <!-- Print -->
        <test-method status="PASS" signature="Print()[pri:0, instance:com.Prod.dtx_project.F_eStillBeingReviewed@55d56113]" name="Print" is-config="true" duration-ms="0" started-at="2019-02-12T20:14:42Z" finished-at="2019-02-12T20:14:42Z">
          <reporter-output>
          </reporter-output>
        </test-method> <!-- Print -->
        <test-method status="PASS" signature="eStillBeingReviewed2()[pri:10, instance:com.Prod.dtx_project.F_eStillBeingReviewed@55d56113]" name="eStillBeingReviewed2" duration-ms="0" started-at="2019-02-12T20:14:42Z" finished-at="2019-02-12T20:14:42Z">
          <reporter-output>
          </reporter-output>
        </test-method> <!-- eStillBeingReviewed2 -->
        <test-method status="PASS" signature="LogOutCloseTC00Z()[pri:0, instance:com.Prod.dtx_project.F_eStillBeingReviewed@55d56113]" name="LogOutCloseTC00Z" is-config="true" duration-ms="581" started-at="2019-02-12T20:14:42Z" finished-at="2019-02-12T20:14:43Z">
          <reporter-output>
          </reporter-output>
        </test-method> <!-- LogOutCloseTC00Z -->
      </class> <!-- com.Prod.dtx_project.F_eStillBeingReviewed -->
    </test> <!-- Default test -->
  </suite> <!-- Default suite -->
</testng-results>
